<?xml version="1.0" encoding="UTF-8"?>
<!-- Generated by org.testng.reporters.JUnitReportReporter -->
<testsuite skipped="0" hostname="Mystie" name="org.test.unit.AdactinLogWithTestNg" tests="23" failures="0" timestamp="14 Sep 2021 05:47:59 GMT" time="9.557" errors="0">
  <testcase name="username" time="0.206" classname="org.test.unit.AdactinLogWithTestNg"/>
  <testcase name="password" time="0.113" classname="org.test.unit.AdactinLogWithTestNg"/>
  <testcase name="login" time="1.508" classname="org.test.unit.AdactinLogWithTestNg"/>
  <testcase name="location" time="0.436" classname="org.test.unit.AdactinLogWithTestNg"/>
  <testcase name="hotels" time="0.457" classname="org.test.unit.AdactinLogWithTestNg"/>
  <testcase name="roomtype" time="0.343" classname="org.test.unit.AdactinLogWithTestNg"/>
  <testcase name="noofrooms" time="0.342" classname="org.test.unit.AdactinLogWithTestNg"/>
  <testcase name="checkin" time="0.256" classname="org.test.unit.AdactinLogWithTestNg"/>
  <testcase name="checkout" time="0.123" classname="org.test.unit.AdactinLogWithTestNg"/>
  <testcase name="adultroom" time="0.364" classname="org.test.unit.AdactinLogWithTestNg"/>
  <testcase name="childrenroom" time="0.351" classname="org.test.unit.AdactinLogWithTestNg"/>
  <testcase name="search" time="0.973" classname="org.test.unit.AdactinLogWithTestNg"/>
  <testcase name="radiobtn" time="0.094" classname="org.test.unit.AdactinLogWithTestNg"/>
  <testcase name="continuebtn" time="1.303" classname="org.test.unit.AdactinLogWithTestNg"/>
  <testcase name="firstname" time="0.114" classname="org.test.unit.AdactinLogWithTestNg"/>
  <testcase name="lastname" time="0.249" classname="org.test.unit.AdactinLogWithTestNg"/>
  <testcase name="address" time="0.317" classname="org.test.unit.AdactinLogWithTestNg"/>
  <testcase name="ccnum" time="0.129" classname="org.test.unit.AdactinLogWithTestNg"/>
  <testcase name="cctype" time="0.404" classname="org.test.unit.AdactinLogWithTestNg"/>
  <testcase name="ccexpmonth" time="0.704" classname="org.test.unit.AdactinLogWithTestNg"/>
  <testcase name="ccexpyear" time="0.588" classname="org.test.unit.AdactinLogWithTestNg"/>
  <testcase name="ccCvv" time="0.083" classname="org.test.unit.AdactinLogWithTestNg"/>
  <testcase name="booknow" time="0.100" classname="org.test.unit.AdactinLogWithTestNg"/>
</testsuite> <!-- org.test.unit.AdactinLogWithTestNg -->
